==> Making package: yay-bin 12.3.5-1 (Sat Aug 10 06:09:07 2024)
==> Checking runtime dependencies...
==> Checking buildtime dependencies...
==> Retrieving sources...
  -> Downloading yay_12.3.5_x86_64.tar.gz...
  % Total    % Received % Xferd  Average Speed   Time    Time     Time  Current
                                 Dload  Upload   Total   Spent    Left  Speed
  0     0    0     0    0     0      0      0 --:--:-- --:--:-- --:--:--     0  0     0    0     0    0     0      0      0 --:--:-- --:--:-- --:--:--     0
  0     0    0     0    0     0      0      0 --:--:-- --:--:-- --:--:--     0  0 3695k    0     0    0     0      0      0 --:--:--  0:00:01 --:--:--     0 15 3695k   15  559k    0     0   196k      0  0:00:18  0:00:02  0:00:16  280k 50 3695k   50 1855k    0     0   479k      0  0:00:07  0:00:03  0:00:04  616k100 3695k  100 3695k    0     0   767k      0  0:00:04  0:00:04 --:--:--  934k
==> Validating source_x86_64 files with sha256sums...
    yay_12.3.5_x86_64.tar.gz ... Passed
==> Extracting sources...
  -> Extracting yay_12.3.5_x86_64.tar.gz with bsdtar
==> Entering fakeroot environment...
==> Starting package()...
==> Tidying install...
  -> Removing libtool files...
  -> Purging unwanted files...
  -> Removing static library files...
  -> Stripping unneeded symbols from binaries and libraries...
  -> Compressing man and info pages...
==> Checking for packaging issues...
==> Creating package "yay-bin"...
  -> Generating .PKGINFO file...
  -> Generating .BUILDINFO file...
  -> Generating .MTREE file...
  -> Compressing package...
==> Creating package "yay-bin-debug"...
  -> Generating .PKGINFO file...
  -> Generating .BUILDINFO file...
  -> Generating .MTREE file...
  -> Compressing package...
==> Leaving fakeroot environment.
==> Finished making: yay-bin 12.3.5-1 (Sat Aug 10 06:09:24 2024)
==> Installing package yay-bin with pacman -U...
loading packages...
resolving dependencies...
looking for conflicting packages...

Packages (2) yay-bin-12.3.5-1  yay-bin-debug-12.3.5-1

Total Installed Size:  9.32 MiB

:: Proceed with installation? [Y/n] 
checking keyring...
checking package integrity...
loading package files...
checking for file conflicts...
checking available disk space...
:: Processing package changes...
installing yay-bin...
Optional dependencies for yay-bin
    sudo: privilege elevation [installed]
    doas: privilege elevation
installing yay-bin-debug...
:: Running post-transaction hooks...
(1/1) Arming ConditionNeedsUpdate...
