==> Making package: yay-bin 12.3.5-1 (Thu 15 Aug 2024 01:31:46 AM UTC)
==> Checking runtime dependencies...
==> Checking buildtime dependencies...
==> Retrieving sources...
  -> Downloading yay_12.3.5_x86_64.tar.gz...
  % Total    % Received % Xferd  Average Speed   Time    Time     Time  Current
                                 Dload  Upload   Total   Spent    Left  Speed
  0     0    0     0    0     0      0      0 --:--:-- --:--:-- --:--:--     0  0     0    0     0    0     0      0      0 --:--:-- --:--:-- --:--:--     0  0     0    0     0    0     0      0      0 --:--:-- --:--:-- --:--:--     0
  0 3695k    0 17753    0     0   9755      0  0:06:27  0:00:01  0:06:26  9755  8 3695k    8  303k    0     0   124k      0  0:00:29  0:00:02  0:00:27  459k 28 3695k   28 1040k    0     0   302k      0  0:00:12  0:00:03  0:00:09  629k 70 3695k   70 2607k    0     0   587k      0  0:00:06  0:00:04  0:00:02  987k100 3695k  100 3695k    0     0   748k      0  0:00:04  0:00:04 --:--:-- 1180k
==> Validating source_x86_64 files with sha256sums...
    yay_12.3.5_x86_64.tar.gz ... Passed
==> Extracting sources...
  -> Extracting yay_12.3.5_x86_64.tar.gz with bsdtar
==> Entering fakeroot environment...
==> Starting package()...
==> Tidying install...
  -> Removing libtool files...
  -> Purging unwanted files...
  -> Removing static library files...
  -> Stripping unneeded symbols from binaries and libraries...
  -> Compressing man and info pages...
==> Checking for packaging issues...
==> Creating package "yay-bin"...
  -> Generating .PKGINFO file...
  -> Generating .BUILDINFO file...
  -> Generating .MTREE file...
  -> Compressing package...
==> Creating package "yay-bin-debug"...
  -> Generating .PKGINFO file...
  -> Generating .BUILDINFO file...
  -> Generating .MTREE file...
  -> Compressing package...
==> Leaving fakeroot environment.
==> Finished making: yay-bin 12.3.5-1 (Thu 15 Aug 2024 01:32:02 AM UTC)
==> Installing package yay-bin with pacman -U...
loading packages...
resolving dependencies...
looking for conflicting packages...

Packages (2) yay-bin-12.3.5-1  yay-bin-debug-12.3.5-1

Total Installed Size:  9.32 MiB

:: Proceed with installation? [Y/n] 
checking keyring...
checking package integrity...
loading package files...
checking for file conflicts...
checking available disk space...
:: Processing package changes...
installing yay-bin...
Optional dependencies for yay-bin
    sudo: privilege elevation [installed]
    doas: privilege elevation
installing yay-bin-debug...
:: Running post-transaction hooks...
(1/1) Arming ConditionNeedsUpdate...
